2026-01-16 09:22:28,582 - tea_explorer - INFO - Logging initialized successfully
2026-01-16 09:22:28,582 - tea_explorer - INFO - Log level: INFO
2026-01-16 09:22:28,582 - tea_explorer - INFO - Log file: /Users/george/Documents/python_projects/tea_explorer_v3/logs/tea_explorer.log
2026-01-16 09:22:28,583 - tea_explorer.CacheManager - INFO - CacheManager initialized
2026-01-16 09:22:28,585 - tea_explorer.PerformanceMonitor - INFO - PerformanceMonitor initialized
2026-01-16 09:22:29,511 - tea_explorer.__main__ - INFO - Starting Tea Collection Explorer - Enhanced Edition
2026-01-16 09:22:29,906 - tea_explorer.__main__ - INFO - Initializing databases
2026-01-16 09:22:29,906 - tea_explorer.DatabaseConnection - INFO - Database manager initialized for: tea_collection.db
2026-01-16 09:22:29,906 - tea_explorer.__main__ - INFO - Creating repositories
2026-01-16 09:22:29,907 - tea_explorer.TeaRepository - INFO - TeaRepository initialized
2026-01-16 09:22:29,907 - tea_explorer.BlendRepository - INFO - BlendRepository initialized
2026-01-16 09:22:29,907 - tea_explorer.JournalRepository - INFO - JournalRepository initialized with path: tea_journal.json
2026-01-16 09:22:29,907 - tea_explorer.CultivarRepository - INFO - CultivarRepository initialized
2026-01-16 09:22:29,907 - tea_explorer.CompanyRepository - INFO - CompanyRepository initialized
2026-01-16 09:22:29,907 - tea_explorer.ProductRepository - INFO - ProductRepository initialized
2026-01-16 09:22:29,907 - tea_explorer.RegionRepository - INFO - RegionRepository initialized
2026-01-16 09:22:29,907 - tea_explorer.TisaneRepository - INFO - TisaneRepository initialized with tisane_collection.db
2026-01-16 09:22:29,907 - tea_explorer.__main__ - INFO - Creating controllers
2026-01-16 09:22:29,907 - tea_explorer.TeaController - INFO - TeaController initialized
2026-01-16 09:22:29,907 - tea_explorer.BlendController - INFO - BlendController initialized
2026-01-16 09:22:29,908 - tea_explorer.JournalController - INFO - JournalController initialized
2026-01-16 09:22:29,908 - tea_explorer.CultivarController - INFO - CultivarController initialized
2026-01-16 09:22:29,908 - tea_explorer.CompanyController - INFO - CompanyController initialized
2026-01-16 09:22:29,908 - tea_explorer.TisaneController - INFO - TisaneController initialized
2026-01-16 09:22:29,974 - tea_explorer.JournalRepository - INFO - Loaded 1 journal entries
2026-01-16 09:22:30,007 - tea_explorer.__main__ - INFO - Application initialized successfully
2026-01-16 09:22:30,007 - tea_explorer.__main__ - INFO - Application started successfully
2026-01-16 09:23:58,347 - tea_explorer.__main__ - INFO - Application closed
2026-01-16 10:52:36,937 - tea_explorer - INFO - Logging initialized successfully
2026-01-16 10:52:36,937 - tea_explorer - INFO - Log level: INFO
2026-01-16 10:52:36,937 - tea_explorer - INFO - Log file: /Users/george/Documents/python_projects/tea_explorer_v3/logs/tea_explorer.log
2026-01-16 10:52:36,937 - tea_explorer.CacheManager - INFO - CacheManager initialized
2026-01-16 10:52:36,938 - tea_explorer.PerformanceMonitor - INFO - PerformanceMonitor initialized
2026-01-16 10:52:37,558 - tea_explorer.__main__ - INFO - Starting Tea Collection Explorer - Enhanced Edition
2026-01-16 10:52:37,779 - tea_explorer.__main__ - INFO - Initializing databases
2026-01-16 10:52:37,780 - tea_explorer.DatabaseConnection - INFO - Database manager initialized for: tea_collection.db
2026-01-16 10:52:37,780 - tea_explorer.__main__ - INFO - Creating repositories
2026-01-16 10:52:37,781 - tea_explorer.TeaRepository - INFO - TeaRepository initialized
2026-01-16 10:52:37,781 - tea_explorer.BlendRepository - INFO - BlendRepository initialized
2026-01-16 10:52:37,781 - tea_explorer.JournalRepository - INFO - JournalRepository initialized with path: tea_journal.json
2026-01-16 10:52:37,781 - tea_explorer.CultivarRepository - INFO - CultivarRepository initialized
2026-01-16 10:52:37,781 - tea_explorer.CompanyRepository - INFO - CompanyRepository initialized
2026-01-16 10:52:37,781 - tea_explorer.ProductRepository - INFO - ProductRepository initialized
2026-01-16 10:52:37,781 - tea_explorer.RegionRepository - INFO - RegionRepository initialized
2026-01-16 10:52:37,781 - tea_explorer.TisaneRepository - INFO - TisaneRepository initialized with tisane_collection.db
2026-01-16 10:52:37,781 - tea_explorer.__main__ - INFO - Creating controllers
2026-01-16 10:52:37,781 - tea_explorer.TeaController - INFO - TeaController initialized
2026-01-16 10:52:37,781 - tea_explorer.BlendController - INFO - BlendController initialized
2026-01-16 10:52:37,781 - tea_explorer.JournalController - INFO - JournalController initialized
2026-01-16 10:52:37,781 - tea_explorer.CultivarController - INFO - CultivarController initialized
2026-01-16 10:52:37,781 - tea_explorer.CompanyController - INFO - CompanyController initialized
2026-01-16 10:52:37,781 - tea_explorer.TisaneController - INFO - TisaneController initialized
2026-01-16 10:52:37,849 - tea_explorer.JournalRepository - INFO - Loaded 1 journal entries
2026-01-16 10:52:37,881 - tea_explorer.__main__ - INFO - Application initialized successfully
2026-01-16 10:52:37,881 - tea_explorer.__main__ - INFO - Application started successfully
2026-01-16 10:55:31,983 - tea_explorer.__main__ - INFO - Application closed
2026-01-16 10:55:34,928 - tea_explorer - INFO - Logging initialized successfully
2026-01-16 10:55:34,928 - tea_explorer - INFO - Log level: INFO
2026-01-16 10:55:34,928 - tea_explorer - INFO - Log file: /Users/george/Documents/python_projects/tea_explorer_v3/logs/tea_explorer.log
2026-01-16 10:55:34,929 - tea_explorer.CacheManager - INFO - CacheManager initialized
2026-01-16 10:55:34,929 - tea_explorer.PerformanceMonitor - INFO - PerformanceMonitor initialized
2026-01-16 10:55:35,517 - tea_explorer.__main__ - INFO - Starting Tea Collection Explorer - Enhanced Edition
2026-01-16 10:55:35,707 - tea_explorer.__main__ - INFO - Initializing databases
2026-01-16 10:55:35,707 - tea_explorer.DatabaseConnection - INFO - Database manager initialized for: tea_collection.db
2026-01-16 10:55:35,707 - tea_explorer.__main__ - INFO - Creating repositories
2026-01-16 10:55:35,708 - tea_explorer.TeaRepository - INFO - TeaRepository initialized
2026-01-16 10:55:35,708 - tea_explorer.BlendRepository - INFO - BlendRepository initialized
2026-01-16 10:55:35,708 - tea_explorer.JournalRepository - INFO - JournalRepository initialized with path: tea_journal.json
2026-01-16 10:55:35,708 - tea_explorer.CultivarRepository - INFO - CultivarRepository initialized
2026-01-16 10:55:35,708 - tea_explorer.CompanyRepository - INFO - CompanyRepository initialized
2026-01-16 10:55:35,708 - tea_explorer.ProductRepository - INFO - ProductRepository initialized
2026-01-16 10:55:35,708 - tea_explorer.RegionRepository - INFO - RegionRepository initialized
2026-01-16 10:55:35,709 - tea_explorer.TisaneRepository - INFO - TisaneRepository initialized with tisane_collection.db
2026-01-16 10:55:35,709 - tea_explorer.__main__ - INFO - Creating controllers
2026-01-16 10:55:35,709 - tea_explorer.TeaController - INFO - TeaController initialized
2026-01-16 10:55:35,709 - tea_explorer.BlendController - INFO - BlendController initialized
2026-01-16 10:55:35,709 - tea_explorer.JournalController - INFO - JournalController initialized
2026-01-16 10:55:35,709 - tea_explorer.CultivarController - INFO - CultivarController initialized
2026-01-16 10:55:35,709 - tea_explorer.CompanyController - INFO - CompanyController initialized
2026-01-16 10:55:35,709 - tea_explorer.TisaneController - INFO - TisaneController initialized
2026-01-16 10:55:35,774 - tea_explorer.JournalRepository - INFO - Loaded 1 journal entries
2026-01-16 10:55:35,804 - tea_explorer.__main__ - INFO - Application initialized successfully
2026-01-16 10:55:35,826 - tea_explorer.__main__ - INFO - Application started successfully
2026-01-16 10:55:52,992 - tea_explorer.__main__ - INFO - Application closed
2026-01-16 10:55:56,380 - tea_explorer - INFO - Logging initialized successfully
2026-01-16 10:55:56,380 - tea_explorer - INFO - Log level: INFO
2026-01-16 10:55:56,380 - tea_explorer - INFO - Log file: /Users/george/Documents/python_projects/tea_explorer_v3/logs/tea_explorer.log
2026-01-16 10:55:56,380 - tea_explorer.CacheManager - INFO - CacheManager initialized
2026-01-16 10:55:56,381 - tea_explorer.PerformanceMonitor - INFO - PerformanceMonitor initialized
2026-01-16 10:55:57,039 - tea_explorer.__main__ - INFO - Starting Tea Collection Explorer - Enhanced Edition
2026-01-16 10:55:57,253 - tea_explorer.__main__ - INFO - Initializing databases
2026-01-16 10:55:57,253 - tea_explorer.DatabaseConnection - INFO - Database manager initialized for: tea_collection.db
2026-01-16 10:55:57,253 - tea_explorer.__main__ - INFO - Creating repositories
2026-01-16 10:55:57,254 - tea_explorer.TeaRepository - INFO - TeaRepository initialized
2026-01-16 10:55:57,254 - tea_explorer.BlendRepository - INFO - BlendRepository initialized
2026-01-16 10:55:57,254 - tea_explorer.JournalRepository - INFO - JournalRepository initialized with path: tea_journal.json
2026-01-16 10:55:57,254 - tea_explorer.CultivarRepository - INFO - CultivarRepository initialized
2026-01-16 10:55:57,254 - tea_explorer.CompanyRepository - INFO - CompanyRepository initialized
2026-01-16 10:55:57,254 - tea_explorer.ProductRepository - INFO - ProductRepository initialized
2026-01-16 10:55:57,254 - tea_explorer.RegionRepository - INFO - RegionRepository initialized
2026-01-16 10:55:57,255 - tea_explorer.TisaneRepository - INFO - TisaneRepository initialized with tisane_collection.db
2026-01-16 10:55:57,255 - tea_explorer.__main__ - INFO - Creating controllers
2026-01-16 10:55:57,255 - tea_explorer.TeaController - INFO - TeaController initialized
2026-01-16 10:55:57,255 - tea_explorer.BlendController - INFO - BlendController initialized
2026-01-16 10:55:57,255 - tea_explorer.JournalController - INFO - JournalController initialized
2026-01-16 10:55:57,255 - tea_explorer.CultivarController - INFO - CultivarController initialized
2026-01-16 10:55:57,255 - tea_explorer.CompanyController - INFO - CompanyController initialized
2026-01-16 10:55:57,255 - tea_explorer.TisaneController - INFO - TisaneController initialized
2026-01-16 10:55:57,329 - tea_explorer.JournalRepository - INFO - Loaded 1 journal entries
2026-01-16 10:55:57,371 - tea_explorer.__main__ - INFO - Application initialized successfully
2026-01-16 10:55:57,374 - tea_explorer.__main__ - INFO - Application started successfully
2026-01-16 10:56:58,475 - tea_explorer.__main__ - INFO - Application closed
2026-01-17 09:58:23,188 - tea_explorer - INFO - Logging initialized successfully
2026-01-17 09:58:23,189 - tea_explorer - INFO - Log level: INFO
2026-01-17 09:58:23,189 - tea_explorer - INFO - Log file: /Users/george/Documents/python_projects/tea_explorer/logs/tea_explorer.log
2026-01-17 09:58:23,189 - tea_explorer.CacheManager - INFO - CacheManager initialized
2026-01-17 09:58:23,190 - tea_explorer.PerformanceMonitor - INFO - PerformanceMonitor initialized
2026-01-17 09:58:24,363 - tea_explorer.__main__ - INFO - Starting Tea Collection Explorer - Enhanced Edition
2026-01-17 09:58:24,664 - tea_explorer.__main__ - INFO - Initializing databases
2026-01-17 09:58:24,664 - tea_explorer.DatabaseConnection - INFO - Database manager initialized for: tea_collection.db
2026-01-17 09:58:24,664 - tea_explorer.__main__ - INFO - Creating repositories
2026-01-17 09:58:24,667 - tea_explorer.TeaRepository - INFO - TeaRepository initialized
2026-01-17 09:58:24,667 - tea_explorer.BlendRepository - INFO - BlendRepository initialized
2026-01-17 09:58:24,667 - tea_explorer.JournalRepository - INFO - JournalRepository initialized with path: tea_journal.json
2026-01-17 09:58:24,667 - tea_explorer.CultivarRepository - INFO - CultivarRepository initialized
2026-01-17 09:58:24,667 - tea_explorer.CompanyRepository - INFO - CompanyRepository initialized
2026-01-17 09:58:24,667 - tea_explorer.ProductRepository - INFO - ProductRepository initialized
2026-01-17 09:58:24,667 - tea_explorer.RegionRepository - INFO - RegionRepository initialized
2026-01-17 09:58:24,668 - tea_explorer.TisaneRepository - INFO - TisaneRepository initialized with tisane_collection.db
2026-01-17 09:58:24,668 - tea_explorer.__main__ - INFO - Creating controllers
2026-01-17 09:58:24,668 - tea_explorer.TeaController - INFO - TeaController initialized
2026-01-17 09:58:24,668 - tea_explorer.BlendController - INFO - BlendController initialized
2026-01-17 09:58:24,668 - tea_explorer.JournalController - INFO - JournalController initialized
2026-01-17 09:58:24,668 - tea_explorer.CultivarController - INFO - CultivarController initialized
2026-01-17 09:58:24,668 - tea_explorer.CompanyController - INFO - CompanyController initialized
2026-01-17 09:58:24,668 - tea_explorer.TisaneController - INFO - TisaneController initialized
2026-01-17 09:58:24,774 - tea_explorer.JournalRepository - INFO - Loaded 1 journal entries
2026-01-17 09:58:24,819 - tea_explorer.__main__ - INFO - Application initialized successfully
2026-01-17 09:58:24,820 - tea_explorer.__main__ - INFO - Application started successfully
2026-01-17 10:00:36,214 - tea_explorer.__main__ - INFO - Application closed
2026-01-17 10:02:40,765 - tea_explorer - INFO - Logging initialized successfully
2026-01-17 10:02:40,766 - tea_explorer - INFO - Log level: INFO
2026-01-17 10:02:40,766 - tea_explorer - INFO - Log file: /Users/george/Documents/python_projects/tea_explorer/logs/tea_explorer.log
2026-01-17 10:02:40,766 - tea_explorer.CacheManager - INFO - CacheManager initialized
2026-01-17 10:02:40,767 - tea_explorer.PerformanceMonitor - INFO - PerformanceMonitor initialized
2026-01-17 10:02:41,477 - tea_explorer.__main__ - INFO - Starting Tea Collection Explorer - Enhanced Edition
2026-01-17 10:02:41,802 - tea_explorer.__main__ - INFO - Initializing databases
2026-01-17 10:02:41,802 - tea_explorer.DatabaseConnection - INFO - Database manager initialized for: tea_collection.db
2026-01-17 10:02:41,802 - tea_explorer.__main__ - INFO - Creating repositories
2026-01-17 10:02:41,805 - tea_explorer.TeaRepository - INFO - TeaRepository initialized
2026-01-17 10:02:41,805 - tea_explorer.BlendRepository - INFO - BlendRepository initialized
2026-01-17 10:02:41,805 - tea_explorer.JournalRepository - INFO - JournalRepository initialized with path: tea_journal.json
2026-01-17 10:02:41,805 - tea_explorer.CultivarRepository - INFO - CultivarRepository initialized
2026-01-17 10:02:41,805 - tea_explorer.CompanyRepository - INFO - CompanyRepository initialized
2026-01-17 10:02:41,805 - tea_explorer.ProductRepository - INFO - ProductRepository initialized
2026-01-17 10:02:41,805 - tea_explorer.RegionRepository - INFO - RegionRepository initialized
2026-01-17 10:02:41,806 - tea_explorer.TisaneRepository - INFO - TisaneRepository initialized with tisane_collection.db
2026-01-17 10:02:41,806 - tea_explorer.__main__ - INFO - Creating controllers
2026-01-17 10:02:41,806 - tea_explorer.TeaController - INFO - TeaController initialized
2026-01-17 10:02:41,806 - tea_explorer.BlendController - INFO - BlendController initialized
2026-01-17 10:02:41,806 - tea_explorer.JournalController - INFO - JournalController initialized
2026-01-17 10:02:41,806 - tea_explorer.CultivarController - INFO - CultivarController initialized
2026-01-17 10:02:41,806 - tea_explorer.CompanyController - INFO - CompanyController initialized
2026-01-17 10:02:41,806 - tea_explorer.TisaneController - INFO - TisaneController initialized
2026-01-17 10:02:41,875 - tea_explorer.JournalRepository - INFO - Loaded 1 journal entries
2026-01-17 10:02:41,918 - tea_explorer.__main__ - INFO - Application initialized successfully
2026-01-17 10:02:41,918 - tea_explorer.__main__ - INFO - Application started successfully
2026-01-17 10:06:06,195 - tea_explorer.__main__ - INFO - Application closed
2026-01-17 10:09:15,609 - tea_explorer - INFO - Logging initialized successfully
2026-01-17 10:09:15,609 - tea_explorer - INFO - Log level: INFO
2026-01-17 10:09:15,609 - tea_explorer - INFO - Log file: /Users/george/Documents/python_projects/tea_explorer/logs/tea_explorer.log
2026-01-17 10:09:15,609 - tea_explorer.CacheManager - INFO - CacheManager initialized
2026-01-17 10:09:15,610 - tea_explorer.PerformanceMonitor - INFO - PerformanceMonitor initialized
2026-01-17 10:09:16,161 - tea_explorer.__main__ - INFO - Starting Tea Collection Explorer - Enhanced Edition
2026-01-17 10:09:16,354 - tea_explorer.__main__ - INFO - Initializing databases
2026-01-17 10:09:16,354 - tea_explorer.DatabaseConnection - INFO - Database manager initialized for: tea_collection.db
2026-01-17 10:09:16,354 - tea_explorer.__main__ - INFO - Creating repositories
2026-01-17 10:09:16,356 - tea_explorer.TeaRepository - INFO - TeaRepository initialized
2026-01-17 10:09:16,356 - tea_explorer.BlendRepository - INFO - BlendRepository initialized
2026-01-17 10:09:16,357 - tea_explorer.JournalRepository - INFO - JournalRepository initialized with path: tea_journal.json
2026-01-17 10:09:16,357 - tea_explorer.CultivarRepository - INFO - CultivarRepository initialized
2026-01-17 10:09:16,357 - tea_explorer.CompanyRepository - INFO - CompanyRepository initialized
2026-01-17 10:09:16,357 - tea_explorer.ProductRepository - INFO - ProductRepository initialized
2026-01-17 10:09:16,357 - tea_explorer.RegionRepository - INFO - RegionRepository initialized
2026-01-17 10:09:16,358 - tea_explorer.TisaneRepository - INFO - TisaneRepository initialized with tisane_collection.db
2026-01-17 10:09:16,358 - tea_explorer.__main__ - INFO - Creating controllers
2026-01-17 10:09:16,358 - tea_explorer.TeaController - INFO - TeaController initialized
2026-01-17 10:09:16,358 - tea_explorer.BlendController - INFO - BlendController initialized
2026-01-17 10:09:16,358 - tea_explorer.JournalController - INFO - JournalController initialized
2026-01-17 10:09:16,358 - tea_explorer.CultivarController - INFO - CultivarController initialized
2026-01-17 10:09:16,358 - tea_explorer.CompanyController - INFO - CompanyController initialized
2026-01-17 10:09:16,358 - tea_explorer.TisaneController - INFO - TisaneController initialized
2026-01-17 10:09:16,434 - tea_explorer.JournalRepository - INFO - Loaded 1 journal entries
2026-01-17 10:09:16,468 - tea_explorer.__main__ - INFO - Application initialized successfully
2026-01-17 10:09:16,468 - tea_explorer.__main__ - INFO - Application started successfully
2026-01-17 10:11:03,312 - tea_explorer.__main__ - INFO - Application closed
2026-01-17 10:17:26,688 - tea_explorer - INFO - Logging initialized successfully
2026-01-17 10:17:26,689 - tea_explorer - INFO - Log level: INFO
2026-01-17 10:17:26,689 - tea_explorer - INFO - Log file: /Users/george/Documents/python_projects/tea_explorer/logs/tea_explorer.log
2026-01-17 10:17:26,689 - tea_explorer.CacheManager - INFO - CacheManager initialized
2026-01-17 10:17:26,690 - tea_explorer.PerformanceMonitor - INFO - PerformanceMonitor initialized
2026-01-17 10:17:27,335 - tea_explorer.__main__ - INFO - Starting Tea Collection Explorer - Enhanced Edition
2026-01-17 10:17:27,514 - tea_explorer.__main__ - INFO - Initializing databases
2026-01-17 10:17:27,514 - tea_explorer.DatabaseConnection - INFO - Database manager initialized for: tea_collection.db
2026-01-17 10:17:27,514 - tea_explorer.__main__ - INFO - Creating repositories
2026-01-17 10:17:27,529 - tea_explorer.TeaRepository - INFO - TeaRepository initialized
2026-01-17 10:17:27,529 - tea_explorer.BlendRepository - INFO - BlendRepository initialized
2026-01-17 10:17:27,529 - tea_explorer.JournalRepository - INFO - JournalRepository initialized with path: tea_journal.json
2026-01-17 10:17:27,529 - tea_explorer.CultivarRepository - INFO - CultivarRepository initialized
2026-01-17 10:17:27,529 - tea_explorer.CompanyRepository - INFO - CompanyRepository initialized
2026-01-17 10:17:27,529 - tea_explorer.ProductRepository - INFO - ProductRepository initialized
2026-01-17 10:17:27,529 - tea_explorer.RegionRepository - INFO - RegionRepository initialized
2026-01-17 10:17:27,530 - tea_explorer.TisaneRepository - INFO - TisaneRepository initialized with tisane_collection.db
2026-01-17 10:17:27,530 - tea_explorer.__main__ - INFO - Creating controllers
2026-01-17 10:17:27,530 - tea_explorer.TeaController - INFO - TeaController initialized
2026-01-17 10:17:27,530 - tea_explorer.BlendController - INFO - BlendController initialized
2026-01-17 10:17:27,530 - tea_explorer.JournalController - INFO - JournalController initialized
2026-01-17 10:17:27,530 - tea_explorer.CultivarController - INFO - CultivarController initialized
2026-01-17 10:17:27,530 - tea_explorer.CompanyController - INFO - CompanyController initialized
2026-01-17 10:17:27,530 - tea_explorer.TisaneController - INFO - TisaneController initialized
2026-01-17 10:17:27,601 - tea_explorer.JournalRepository - INFO - Loaded 1 journal entries
2026-01-17 10:17:27,639 - tea_explorer.__main__ - INFO - Application initialized successfully
2026-01-17 10:17:27,639 - tea_explorer.__main__ - INFO - Application started successfully
2026-01-17 10:17:41,734 - tea_explorer.__main__ - INFO - Application closed
2026-01-17 10:30:56,481 - tea_explorer - INFO - Logging initialized successfully
2026-01-17 10:30:56,481 - tea_explorer - INFO - Log level: INFO
2026-01-17 10:30:56,481 - tea_explorer - INFO - Log file: /Users/george/Documents/python_projects/tea_explorer/logs/tea_explorer.log
2026-01-17 10:30:56,481 - tea_explorer.CacheManager - INFO - CacheManager initialized
2026-01-17 10:30:56,482 - tea_explorer.PerformanceMonitor - INFO - PerformanceMonitor initialized
2026-01-17 10:30:57,249 - tea_explorer.__main__ - INFO - Starting Tea Collection Explorer - Enhanced Edition
2026-01-17 10:30:57,538 - tea_explorer.__main__ - INFO - Initializing databases
2026-01-17 10:30:57,538 - tea_explorer.DatabaseConnection - INFO - Database manager initialized for: tea_collection.db
2026-01-17 10:30:57,538 - tea_explorer.__main__ - INFO - Creating repositories
2026-01-17 10:30:57,540 - tea_explorer.TeaRepository - INFO - TeaRepository initialized
2026-01-17 10:30:57,540 - tea_explorer.BlendRepository - INFO - BlendRepository initialized
2026-01-17 10:30:57,540 - tea_explorer.JournalRepository - INFO - JournalRepository initialized with path: tea_journal.json
2026-01-17 10:30:57,540 - tea_explorer.CultivarRepository - INFO - CultivarRepository initialized
2026-01-17 10:30:57,540 - tea_explorer.CompanyRepository - INFO - CompanyRepository initialized
2026-01-17 10:30:57,540 - tea_explorer.ProductRepository - INFO - ProductRepository initialized
2026-01-17 10:30:57,541 - tea_explorer.RegionRepository - INFO - RegionRepository initialized
2026-01-17 10:30:57,541 - tea_explorer.TisaneRepository - INFO - TisaneRepository initialized with tisane_collection.db
2026-01-17 10:30:57,541 - tea_explorer.__main__ - INFO - Creating controllers
2026-01-17 10:30:57,541 - tea_explorer.TeaController - INFO - TeaController initialized
2026-01-17 10:30:57,541 - tea_explorer.BlendController - INFO - BlendController initialized
2026-01-17 10:30:57,541 - tea_explorer.JournalController - INFO - JournalController initialized
2026-01-17 10:30:57,541 - tea_explorer.CultivarController - INFO - CultivarController initialized
2026-01-17 10:30:57,541 - tea_explorer.CompanyController - INFO - CompanyController initialized
2026-01-17 10:30:57,541 - tea_explorer.TisaneController - INFO - TisaneController initialized
2026-01-17 10:30:57,618 - tea_explorer.JournalRepository - INFO - Loaded 1 journal entries
2026-01-17 10:33:15,477 - tea_explorer - INFO - Logging initialized successfully
2026-01-17 10:33:15,477 - tea_explorer - INFO - Log level: INFO
2026-01-17 10:33:15,477 - tea_explorer - INFO - Log file: /Users/george/Documents/python_projects/tea_explorer/logs/tea_explorer.log
2026-01-17 10:33:15,477 - tea_explorer.CacheManager - INFO - CacheManager initialized
2026-01-17 10:33:15,478 - tea_explorer.PerformanceMonitor - INFO - PerformanceMonitor initialized
2026-01-17 10:33:16,147 - tea_explorer.__main__ - INFO - Starting Tea Collection Explorer - Enhanced Edition
2026-01-17 10:33:16,340 - tea_explorer.__main__ - INFO - Initializing databases
2026-01-17 10:33:16,340 - tea_explorer.DatabaseConnection - INFO - Database manager initialized for: tea_collection.db
2026-01-17 10:33:16,340 - tea_explorer.__main__ - INFO - Creating repositories
2026-01-17 10:33:16,341 - tea_explorer.TeaRepository - INFO - TeaRepository initialized
2026-01-17 10:33:16,341 - tea_explorer.BlendRepository - INFO - BlendRepository initialized
2026-01-17 10:33:16,342 - tea_explorer.JournalRepository - INFO - JournalRepository initialized with path: tea_journal.json
2026-01-17 10:33:16,342 - tea_explorer.CultivarRepository - INFO - CultivarRepository initialized
2026-01-17 10:33:16,342 - tea_explorer.CompanyRepository - INFO - CompanyRepository initialized
2026-01-17 10:33:16,342 - tea_explorer.ProductRepository - INFO - ProductRepository initialized
2026-01-17 10:33:16,342 - tea_explorer.RegionRepository - INFO - RegionRepository initialized
2026-01-17 10:33:16,342 - tea_explorer.TisaneRepository - INFO - TisaneRepository initialized with tisane_collection.db
2026-01-17 10:33:16,342 - tea_explorer.__main__ - INFO - Creating controllers
2026-01-17 10:33:16,342 - tea_explorer.TeaController - INFO - TeaController initialized
2026-01-17 10:33:16,342 - tea_explorer.BlendController - INFO - BlendController initialized
2026-01-17 10:33:16,342 - tea_explorer.JournalController - INFO - JournalController initialized
2026-01-17 10:33:16,342 - tea_explorer.CultivarController - INFO - CultivarController initialized
2026-01-17 10:33:16,342 - tea_explorer.CompanyController - INFO - CompanyController initialized
2026-01-17 10:33:16,342 - tea_explorer.TisaneController - INFO - TisaneController initialized
2026-01-17 10:33:16,405 - tea_explorer.JournalRepository - INFO - Loaded 1 journal entries
2026-01-17 10:38:09,928 - tea_explorer - INFO - Logging initialized successfully
2026-01-17 10:38:09,928 - tea_explorer - INFO - Log level: INFO
2026-01-17 10:38:09,928 - tea_explorer - INFO - Log file: /Users/george/Documents/python_projects/tea_explorer/logs/tea_explorer.log
2026-01-17 10:38:09,928 - tea_explorer.CacheManager - INFO - CacheManager initialized
2026-01-17 10:38:09,929 - tea_explorer.PerformanceMonitor - INFO - PerformanceMonitor initialized
2026-01-17 10:38:10,485 - tea_explorer.__main__ - INFO - Starting Tea Collection Explorer - Enhanced Edition
2026-01-17 10:38:10,660 - tea_explorer.__main__ - INFO - Initializing databases
2026-01-17 10:38:10,660 - tea_explorer.DatabaseConnection - INFO - Database manager initialized for: tea_collection.db
2026-01-17 10:38:10,660 - tea_explorer.__main__ - INFO - Creating repositories
2026-01-17 10:38:10,661 - tea_explorer.TeaRepository - INFO - TeaRepository initialized
2026-01-17 10:38:10,661 - tea_explorer.BlendRepository - INFO - BlendRepository initialized
2026-01-17 10:38:10,661 - tea_explorer.JournalRepository - INFO - JournalRepository initialized with path: tea_journal.json
2026-01-17 10:38:10,661 - tea_explorer.CultivarRepository - INFO - CultivarRepository initialized
2026-01-17 10:38:10,661 - tea_explorer.CompanyRepository - INFO - CompanyRepository initialized
2026-01-17 10:38:10,661 - tea_explorer.ProductRepository - INFO - ProductRepository initialized
2026-01-17 10:38:10,661 - tea_explorer.RegionRepository - INFO - RegionRepository initialized
2026-01-17 10:38:10,662 - tea_explorer.TisaneRepository - INFO - TisaneRepository initialized with tisane_collection.db
2026-01-17 10:38:10,662 - tea_explorer.__main__ - INFO - Creating controllers
2026-01-17 10:38:10,662 - tea_explorer.TeaController - INFO - TeaController initialized
2026-01-17 10:38:10,662 - tea_explorer.BlendController - INFO - BlendController initialized
2026-01-17 10:38:10,662 - tea_explorer.JournalController - INFO - JournalController initialized
2026-01-17 10:38:10,662 - tea_explorer.CultivarController - INFO - CultivarController initialized
2026-01-17 10:38:10,662 - tea_explorer.CompanyController - INFO - CompanyController initialized
2026-01-17 10:38:10,662 - tea_explorer.TisaneController - INFO - TisaneController initialized
2026-01-17 10:38:10,724 - tea_explorer.JournalRepository - INFO - Loaded 1 journal entries
2026-01-17 10:38:10,761 - tea_explorer.__main__ - INFO - Application initialized successfully
2026-01-17 10:38:10,761 - tea_explorer.__main__ - INFO - Application started successfully
2026-01-17 10:40:53,362 - tea_explorer.__main__ - INFO - Application closed
2026-01-17 10:41:23,488 - tea_explorer - INFO - Logging initialized successfully
2026-01-17 10:41:23,488 - tea_explorer - INFO - Log level: INFO
2026-01-17 10:41:23,488 - tea_explorer - INFO - Log file: /Users/george/Documents/python_projects/tea_explorer/logs/tea_explorer.log
2026-01-17 10:41:23,488 - tea_explorer.CacheManager - INFO - CacheManager initialized
2026-01-17 10:41:23,489 - tea_explorer.PerformanceMonitor - INFO - PerformanceMonitor initialized
2026-01-17 10:41:24,134 - tea_explorer.__main__ - INFO - Starting Tea Collection Explorer - Enhanced Edition
2026-01-17 10:41:24,297 - tea_explorer.__main__ - INFO - Initializing databases
2026-01-17 10:41:24,298 - tea_explorer.DatabaseConnection - INFO - Database manager initialized for: tea_collection.db
2026-01-17 10:41:24,298 - tea_explorer.__main__ - INFO - Creating repositories
2026-01-17 10:41:24,298 - tea_explorer.TeaRepository - INFO - TeaRepository initialized
2026-01-17 10:41:24,299 - tea_explorer.BlendRepository - INFO - BlendRepository initialized
2026-01-17 10:41:24,299 - tea_explorer.JournalRepository - INFO - JournalRepository initialized with path: tea_journal.json
2026-01-17 10:41:24,299 - tea_explorer.CultivarRepository - INFO - CultivarRepository initialized
2026-01-17 10:41:24,299 - tea_explorer.CompanyRepository - INFO - CompanyRepository initialized
2026-01-17 10:41:24,299 - tea_explorer.ProductRepository - INFO - ProductRepository initialized
2026-01-17 10:41:24,299 - tea_explorer.RegionRepository - INFO - RegionRepository initialized
2026-01-17 10:41:24,299 - tea_explorer.TisaneRepository - INFO - TisaneRepository initialized with tisane_collection.db
2026-01-17 10:41:24,299 - tea_explorer.__main__ - INFO - Creating controllers
2026-01-17 10:41:24,299 - tea_explorer.TeaController - INFO - TeaController initialized
2026-01-17 10:41:24,299 - tea_explorer.BlendController - INFO - BlendController initialized
2026-01-17 10:41:24,299 - tea_explorer.JournalController - INFO - JournalController initialized
2026-01-17 10:41:24,299 - tea_explorer.CultivarController - INFO - CultivarController initialized
2026-01-17 10:41:24,299 - tea_explorer.CompanyController - INFO - CompanyController initialized
2026-01-17 10:41:24,299 - tea_explorer.TisaneController - INFO - TisaneController initialized
2026-01-17 10:41:24,363 - tea_explorer.JournalRepository - INFO - Loaded 1 journal entries
2026-01-17 10:41:24,400 - tea_explorer.__main__ - INFO - Application initialized successfully
2026-01-17 10:41:24,400 - tea_explorer.__main__ - INFO - Application started successfully
2026-01-17 10:42:18,502 - tea_explorer.__main__ - INFO - Application closed
2026-01-17 10:43:52,280 - tea_explorer - INFO - Logging initialized successfully
2026-01-17 10:43:52,280 - tea_explorer - INFO - Log level: INFO
2026-01-17 10:43:52,280 - tea_explorer - INFO - Log file: /Users/george/Documents/python_projects/tea_explorer/logs/tea_explorer.log
2026-01-17 10:43:52,280 - tea_explorer.CacheManager - INFO - CacheManager initialized
2026-01-17 10:43:52,281 - tea_explorer.PerformanceMonitor - INFO - PerformanceMonitor initialized
2026-01-17 10:43:52,854 - tea_explorer.__main__ - INFO - Starting Tea Collection Explorer - Enhanced Edition
2026-01-17 10:43:53,033 - tea_explorer.__main__ - INFO - Initializing databases
2026-01-17 10:43:53,033 - tea_explorer.DatabaseConnection - INFO - Database manager initialized for: tea_collection.db
2026-01-17 10:43:53,033 - tea_explorer.__main__ - INFO - Creating repositories
2026-01-17 10:43:53,034 - tea_explorer.TeaRepository - INFO - TeaRepository initialized
2026-01-17 10:43:53,034 - tea_explorer.BlendRepository - INFO - BlendRepository initialized
2026-01-17 10:43:53,034 - tea_explorer.JournalRepository - INFO - JournalRepository initialized with path: tea_journal.json
2026-01-17 10:43:53,034 - tea_explorer.CultivarRepository - INFO - CultivarRepository initialized
2026-01-17 10:43:53,034 - tea_explorer.CompanyRepository - INFO - CompanyRepository initialized
2026-01-17 10:43:53,034 - tea_explorer.ProductRepository - INFO - ProductRepository initialized
2026-01-17 10:43:53,034 - tea_explorer.RegionRepository - INFO - RegionRepository initialized
2026-01-17 10:43:53,035 - tea_explorer.TisaneRepository - INFO - TisaneRepository initialized with tisane_collection.db
2026-01-17 10:43:53,036 - tea_explorer.__main__ - INFO - Creating controllers
2026-01-17 10:43:53,036 - tea_explorer.TeaController - INFO - TeaController initialized
2026-01-17 10:43:53,036 - tea_explorer.BlendController - INFO - BlendController initialized
2026-01-17 10:43:53,036 - tea_explorer.JournalController - INFO - JournalController initialized
2026-01-17 10:43:53,036 - tea_explorer.CultivarController - INFO - CultivarController initialized
2026-01-17 10:43:53,036 - tea_explorer.CompanyController - INFO - CompanyController initialized
2026-01-17 10:43:53,036 - tea_explorer.TisaneController - INFO - TisaneController initialized
2026-01-17 10:43:53,109 - tea_explorer.JournalRepository - INFO - Loaded 1 journal entries
2026-01-17 10:43:53,145 - tea_explorer.__main__ - INFO - Application initialized successfully
2026-01-17 10:43:53,145 - tea_explorer.__main__ - INFO - Application started successfully
2026-01-17 10:45:41,896 - tea_explorer.__main__ - INFO - Application closed
2026-01-17 11:12:16,337 - tea_explorer - INFO - Logging initialized successfully
2026-01-17 11:12:16,337 - tea_explorer - INFO - Log level: INFO
2026-01-17 11:12:16,337 - tea_explorer - INFO - Log file: /Users/george/Documents/python_projects/tea_explorer/logs/tea_explorer.log
2026-01-17 11:12:16,338 - tea_explorer.CacheManager - INFO - CacheManager initialized
2026-01-17 11:12:16,338 - tea_explorer.PerformanceMonitor - INFO - PerformanceMonitor initialized
2026-01-17 11:12:16,977 - tea_explorer.__main__ - INFO - Starting Tea Collection Explorer - Enhanced Edition
2026-01-17 11:12:17,191 - tea_explorer.__main__ - INFO - Initializing databases
2026-01-17 11:12:17,191 - tea_explorer.DatabaseConnection - INFO - Database manager initialized for: tea_collection.db
2026-01-17 11:12:17,191 - tea_explorer.__main__ - INFO - Creating repositories
2026-01-17 11:12:17,195 - tea_explorer.TeaRepository - INFO - TeaRepository initialized
2026-01-17 11:12:17,195 - tea_explorer.BlendRepository - INFO - BlendRepository initialized
2026-01-17 11:12:17,195 - tea_explorer.JournalRepository - INFO - JournalRepository initialized with path: tea_journal.json
2026-01-17 11:12:17,195 - tea_explorer.CultivarRepository - INFO - CultivarRepository initialized
2026-01-17 11:12:17,195 - tea_explorer.CompanyRepository - INFO - CompanyRepository initialized
2026-01-17 11:12:17,195 - tea_explorer.ProductRepository - INFO - ProductRepository initialized
2026-01-17 11:12:17,196 - tea_explorer.RegionRepository - INFO - RegionRepository initialized
2026-01-17 11:12:17,196 - tea_explorer.TisaneRepository - INFO - TisaneRepository initialized with tisane_collection.db
2026-01-17 11:12:17,196 - tea_explorer.__main__ - INFO - Creating controllers
2026-01-17 11:12:17,196 - tea_explorer.TeaController - INFO - TeaController initialized
2026-01-17 11:12:17,196 - tea_explorer.BlendController - INFO - BlendController initialized
2026-01-17 11:12:17,196 - tea_explorer.JournalController - INFO - JournalController initialized
2026-01-17 11:12:17,196 - tea_explorer.CultivarController - INFO - CultivarController initialized
2026-01-17 11:12:17,196 - tea_explorer.CompanyController - INFO - CompanyController initialized
2026-01-17 11:12:17,196 - tea_explorer.TisaneController - INFO - TisaneController initialized
2026-01-17 11:12:17,270 - tea_explorer.JournalRepository - INFO - Loaded 1 journal entries
2026-01-17 11:12:17,312 - tea_explorer.__main__ - INFO - Application initialized successfully
2026-01-17 11:12:17,312 - tea_explorer.__main__ - INFO - Application started successfully
2026-01-17 11:16:04,684 - tea_explorer.__main__ - INFO - Application closed
2026-01-17 11:27:17,993 - tea_explorer - INFO - Logging initialized successfully
2026-01-17 11:27:17,994 - tea_explorer - INFO - Log level: INFO
2026-01-17 11:27:17,994 - tea_explorer - INFO - Log file: /Users/george/Documents/python_projects/tea_explorer/logs/tea_explorer.log
2026-01-17 11:27:17,994 - tea_explorer.CacheManager - INFO - CacheManager initialized
2026-01-17 11:27:17,994 - tea_explorer.PerformanceMonitor - INFO - PerformanceMonitor initialized
2026-01-17 11:27:18,576 - tea_explorer.__main__ - INFO - Starting Tea Collection Explorer - Enhanced Edition
2026-01-17 11:27:18,766 - tea_explorer.__main__ - INFO - Initializing databases
2026-01-17 11:27:18,766 - tea_explorer.DatabaseConnection - INFO - Database manager initialized for: tea_collection.db
2026-01-17 11:27:18,766 - tea_explorer.__main__ - INFO - Creating repositories
2026-01-17 11:27:18,772 - tea_explorer.TeaRepository - INFO - TeaRepository initialized
2026-01-17 11:27:18,772 - tea_explorer.BlendRepository - INFO - BlendRepository initialized
2026-01-17 11:27:18,772 - tea_explorer.JournalRepository - INFO - JournalRepository initialized with path: tea_journal.json
2026-01-17 11:27:18,772 - tea_explorer.CultivarRepository - INFO - CultivarRepository initialized
2026-01-17 11:27:18,772 - tea_explorer.CompanyRepository - INFO - CompanyRepository initialized
2026-01-17 11:27:18,772 - tea_explorer.ProductRepository - INFO - ProductRepository initialized
2026-01-17 11:27:18,772 - tea_explorer.RegionRepository - INFO - RegionRepository initialized
2026-01-17 11:27:18,775 - tea_explorer.TisaneRepository - INFO - TisaneRepository initialized with tisane_collection.db
2026-01-17 11:27:18,775 - tea_explorer.__main__ - INFO - Creating controllers
2026-01-17 11:27:18,775 - tea_explorer.TeaController - INFO - TeaController initialized
2026-01-17 11:27:18,775 - tea_explorer.BlendController - INFO - BlendController initialized
2026-01-17 11:27:18,775 - tea_explorer.JournalController - INFO - JournalController initialized
2026-01-17 11:27:18,775 - tea_explorer.CultivarController - INFO - CultivarController initialized
2026-01-17 11:27:18,775 - tea_explorer.CompanyController - INFO - CompanyController initialized
2026-01-17 11:27:18,775 - tea_explorer.TisaneController - INFO - TisaneController initialized
2026-01-17 11:27:18,864 - tea_explorer.JournalRepository - INFO - Loaded 1 journal entries
2026-01-17 11:27:18,910 - tea_explorer.__main__ - INFO - Application initialized successfully
2026-01-17 11:27:18,910 - tea_explorer.__main__ - INFO - Application started successfully
2026-01-17 11:38:25,720 - tea_explorer.__main__ - INFO - Application closed
2026-01-17 14:05:28,034 - tea_explorer - INFO - Logging initialized successfully
2026-01-17 14:05:28,034 - tea_explorer - INFO - Log level: INFO
2026-01-17 14:05:28,034 - tea_explorer - INFO - Log file: /Users/george/Documents/python_projects/tea_explorer/logs/tea_explorer.log
2026-01-17 14:05:28,034 - tea_explorer.CacheManager - INFO - CacheManager initialized
2026-01-17 14:05:28,035 - tea_explorer.PerformanceMonitor - INFO - PerformanceMonitor initialized
2026-01-17 14:05:28,569 - tea_explorer.__main__ - INFO - Starting Tea Collection Explorer - Enhanced Edition
2026-01-17 14:05:28,764 - tea_explorer.__main__ - INFO - Initializing databases
2026-01-17 14:05:28,764 - tea_explorer.DatabaseConnection - INFO - Database manager initialized for: tea_collection.db
2026-01-17 14:05:28,764 - tea_explorer.__main__ - INFO - Creating repositories
2026-01-17 14:05:28,766 - tea_explorer.TeaRepository - INFO - TeaRepository initialized
2026-01-17 14:05:28,766 - tea_explorer.BlendRepository - INFO - BlendRepository initialized
2026-01-17 14:05:28,766 - tea_explorer.JournalRepository - INFO - JournalRepository initialized with path: tea_journal.json
2026-01-17 14:05:28,766 - tea_explorer.CultivarRepository - INFO - CultivarRepository initialized
2026-01-17 14:05:28,766 - tea_explorer.CompanyRepository - INFO - CompanyRepository initialized
2026-01-17 14:05:28,766 - tea_explorer.ProductRepository - INFO - ProductRepository initialized
2026-01-17 14:05:28,766 - tea_explorer.RegionRepository - INFO - RegionRepository initialized
2026-01-17 14:05:28,767 - tea_explorer.TisaneRepository - INFO - TisaneRepository initialized with tisane_collection.db
2026-01-17 14:05:28,767 - tea_explorer.__main__ - INFO - Creating controllers
2026-01-17 14:05:28,767 - tea_explorer.TeaController - INFO - TeaController initialized
2026-01-17 14:05:28,767 - tea_explorer.BlendController - INFO - BlendController initialized
2026-01-17 14:05:28,767 - tea_explorer.JournalController - INFO - JournalController initialized
2026-01-17 14:05:28,767 - tea_explorer.CultivarController - INFO - CultivarController initialized
2026-01-17 14:05:28,767 - tea_explorer.CompanyController - INFO - CompanyController initialized
2026-01-17 14:05:28,767 - tea_explorer.TisaneController - INFO - TisaneController initialized
2026-01-17 14:05:28,838 - tea_explorer.JournalRepository - INFO - Loaded 1 journal entries
2026-01-17 14:05:28,876 - tea_explorer.__main__ - INFO - Application initialized successfully
2026-01-17 14:05:28,876 - tea_explorer.__main__ - INFO - Application started successfully
2026-01-17 14:08:49,635 - tea_explorer.__main__ - INFO - Application closed
